%!Adobe-FontList 1.14
%Locale:0x409

%BeginFont
Handler:DirectoryHandler
FontType:TrueType
FontName:Times-Roman
FamilyName:Times
StyleName:Regular
MenuName:Times
StyleBits:0
WeightClass:400
WidthClass:5
AngleClass:0
FullName:Times Roman
WritingScript:Roman
OutlineFileName:\Times.dfont
DataFormat:sfntResource
ResourceID:13494
FileLength:1763409
FileModTime:1195975768
%EndFont

%BeginFont
Handler:DirectoryHandler
FontType:TrueType
FontName:Times-Bold
FamilyName:Times
StyleName:Bold
MenuName:Times
StyleBits:2
WeightClass:700
WidthClass:5
AngleClass:0
FullName:Times Bold
WritingScript:Roman
OutlineFileName:\Times.dfont
DataFormat:sfntResource
ResourceID:16697
FileLength:1763409
FileModTime:1195975768
%EndFont

%BeginFont
Handler:DirectoryHandler
FontType:TrueType
FontName:Times-Italic
FamilyName:Times
StyleName:Italic
MenuName:Times
StyleBits:1
WeightClass:400
WidthClass:5
AngleClass:1
FullName:Times Italic
WritingScript:Roman
OutlineFileName:\Times.dfont
DataFormat:sfntResource
ResourceID:21585
FileLength:1763409
FileModTime:1195975768
%EndFont

%BeginFont
Handler:DirectoryHandler
FontType:TrueType
FontName:Times-BoldItalic
FamilyName:Times
StyleName:Bold Italic
MenuName:Times
StyleBits:3
WeightClass:700
WidthClass:5
AngleClass:1
FullName:Times Bold Italic
WritingScript:Roman
OutlineFileName:\Times.dfont
DataFormat:sfntResource
ResourceID:22219
FileLength:1763409
FileModTime:1195975768
%EndFont

%BeginFont
Handler:DirectoryHandler
FontType:Suitcase
FontName:Times-Roman
OutlineFileName:\Times.dfont
ResourceID:20
MacStyle:0
FileLength:1763409
FileModTime:1195975768
%EndFont

%BeginFont
Handler:DirectoryHandler
FontType:Suitcase
FontName:Times-Bold
OutlineFileName:\Times.dfont
ResourceID:20
MacStyle:1
FileLength:1763409
FileModTime:1195975768
%EndFont

%BeginFont
Handler:DirectoryHandler
FontType:Suitcase
FontName:Times-Italic
OutlineFileName:\Times.dfont
ResourceID:20
MacStyle:2
FileLength:1763409
FileModTime:1195975768
%EndFont

%BeginFont
Handler:DirectoryHandler
FontType:Suitcase
FontName:Times-BoldItalic
OutlineFileName:\Times.dfont
ResourceID:20
MacStyle:3
FileLength:1763409
FileModTime:1195975768
%EndFont

%BeginFont
Handler:DirectoryHandler
FontType:Suitcase
FontName:TimesCY-Regular
OutlineFileName:\Times.dfont
ResourceID:19540
MacStyle:0
FileLength:1763409
FileModTime:1195975768
%EndFont

%BeginFont
Handler:DirectoryHandler
FontType:Suitcase
FontName:TimesCY-Bold
OutlineFileName:\Times.dfont
ResourceID:19540
MacStyle:1
FileLength:1763409
FileModTime:1195975768
%EndFont

%BeginFont
Handler:DirectoryHandler
FontType:Suitcase
FontName:TimesCY-Italic
OutlineFileName:\Times.dfont
ResourceID:19540
MacStyle:2
FileLength:1763409
FileModTime:1195975768
%EndFont

%BeginFont
Handler:DirectoryHandler
FontType:Suitcase
FontName:TimesCY-BoldItalic
OutlineFileName:\Times.dfont
ResourceID:19540
MacStyle:3
FileLength:1763409
FileModTime:1195975768
%EndFont

%BeginFont
Handler:DirectoryHandler
FontType:Suitcase
FontName:TimesCE-Roman
OutlineFileName:\Times.dfont
ResourceID:30740
MacStyle:0
FileLength:1763409
FileModTime:1195975768
%EndFont

%BeginFont
Handler:DirectoryHandler
FontType:Suitcase
FontName:TimesCE-Bold
OutlineFileName:\Times.dfont
ResourceID:30740
MacStyle:1
FileLength:1763409
FileModTime:1195975768
%EndFont

%BeginFont
Handler:DirectoryHandler
FontType:Suitcase
FontName:TimesCE-Italic
OutlineFileName:\Times.dfont
ResourceID:30740
MacStyle:2
FileLength:1763409
FileModTime:1195975768
%EndFont

%BeginFont
Handler:DirectoryHandler
FontType:Suitcase
FontName:TimesCE-BoldItalic
OutlineFileName:\Times.dfont
ResourceID:30740
MacStyle:3
FileLength:1763409
FileModTime:1195975768
%EndFont

%BeginFont
Handler:DirectoryHandler
FontType:TrueType
FontName:SourceSansPro-It
FamilyName:Source Sans Pro
StyleName:Italic
MenuName:Source Sans Pro
StyleBits:1
WeightClass:400
WidthClass:5
AngleClass:1
FullName:Source Sans Pro Italic
WritingScript:Roman
OutlineFileName:\SourceSansPro-Italic.ttf
DataFormat:sfntData
FileLength:119264
FileModTime:1348719724
DesignSize:100
%EndFont

%BeginFont
Handler:DirectoryHandler
FontType:TrueType
FontName:SourceSansPro-Regular
FamilyName:Source Sans Pro
StyleName:Regular
MenuName:Source Sans Pro
StyleBits:0
WeightClass:400
WidthClass:5
AngleClass:0
FullName:Source Sans Pro
WritingScript:Roman
OutlineFileName:\SourceSansPro-Regular.ttf
DataFormat:sfntData
FileLength:119080
FileModTime:1348719724
DesignSize:100
%EndFont

%BeginFont
Handler:DirectoryHandler
FontType:TrueType
FontName:SourceSansPro-Semibold
FamilyName:Source Sans Pro
StyleName:Semibold
MenuName:Source Sans Pro Semibold
StyleBits:0
WeightClass:600
WidthClass:5
AngleClass:0
FullName:Source Sans Pro Semibold
WritingScript:Roman
OutlineFileName:\SourceSansPro-Semibold.ttf
DataFormat:sfntData
FileLength:118804
FileModTime:1348719724
DesignSize:100
%EndFont

